# JRE version: OpenJDK Runtime Environment Temurin-21.0.8+9 (21.0.8+9) (build 21.0.8+9-LTS)
# Java VM: OpenJDK 64-Bit Server VM Temurin-21.0.8+9 (21.0.8+9-LTS, mixed mode, sharing, tiered, compressed oops, compressed class ptrs, parallel gc, windows-amd64)
GC Precious Log:
 CardTable entry size: 512
 CPUs: 8 total, 8 available
 Memory: 12030M
 Large Page Support: Disabled
 NUMA Support: Disabled
 Compressed Oops: Enabled (32-bit)
 Alignments: Space 512K, Generation 512K, Heap 2M
 Heap Min Capacity: 100M
 Heap Initial Capacity: 100M
 Heap Max Capacity: 2G
 Pre-touch: Disabled
 Parallel Workers: 8
Heap:
 PSYoungGen      total 6656K, used 3045K [0x00000000d5580000, 0x00000000d5e00000, 0x0000000100000000)
  eden space 5632K, 38% used [0x00000000d5580000,0x00000000d57a1410,0x00000000d5b00000)
  from space 1024K, 84% used [0x00000000d5b00000,0x00000000d5bd8000,0x00000000d5c00000)
  to   space 1536K, 0% used [0x00000000d5c80000,0x00000000d5c80000,0x00000000d5e00000)
 ParOldGen       total 736256K, used 736059K [0x0000000080000000, 0x00000000acf00000, 0x00000000d5580000)
  object space 736256K, 99% used [0x0000000080000000,0x00000000acecee98,0x00000000acf00000)
 Metaspace       used 71152K, committed 72768K, reserved 1114112K
  class space    used 7700K, committed 8384K, reserved 1048576K
GC Heap History (20 events):
Event: 106.717 GC heap before
{Heap before GC invocations=1069 (full 3):
 PSYoungGen      total 7168K, used 6336K [0x00000000d5580000, 0x00000000d5d80000, 0x0000000100000000)
  eden space 6144K, 100% used [0x00000000d5580000,0x00000000d5b80000,0x00000000d5b80000)
  from space 1024K, 18% used [0x00000000d5c00000,0x00000000d5c30000,0x00000000d5d00000)
  to   space 512K, 0% used [0x00000000d5d00000,0x00000000d5d00000,0x00000000d5d80000)
 ParOldGen       total 732160K, used 731804K [0x0000000080000000, 0x00000000acb00000, 0x00000000d5580000)
  object space 732160K, 99% used [0x0000000080000000,0x00000000acaa70d8,0x00000000acb00000)
 Metaspace       used 70565K, committed 72192K, reserved 1114112K
  class space    used 7616K, committed 8320K, reserved 1048576K
}
Event: 106.719 GC heap after
{Heap after GC invocations=1069 (full 3):
 PSYoungGen      total 6656K, used 467K [0x00000000d5580000, 0x00000000d5d80000, 0x0000000100000000)
  eden space 6144K, 0% used [0x00000000d5580000,0x00000000d5580000,0x00000000d5b80000)
  from space 512K, 91% used [0x00000000d5d00000,0x00000000d5d74e88,0x00000000d5d80000)
  to   space 1024K, 0% used [0x00000000d5b80000,0x00000000d5b80000,0x00000000d5c80000)
 ParOldGen       total 732160K, used 731889K [0x0000000080000000, 0x00000000acb00000, 0x00000000d5580000)
  object space 732160K, 99% used [0x0000000080000000,0x00000000acabc790,0x00000000acb00000)
 Metaspace       used 70565K, committed 72192K, reserved 1114112K
  class space    used 7616K, committed 8320K, reserved 1048576K
}
Event: 106.733 GC heap before
{Heap before GC invocations=1070 (full 3):
 PSYoungGen      total 6656K, used 6535K [0x00000000d5580000, 0x00000000d5d80000, 0x0000000100000000)
  eden space 6144K, 98% used [0x00000000d5580000,0x00000000d5b6d038,0x00000000d5b80000)
  from space 512K, 91% used [0x00000000d5d00000,0x00000000d5d74e88,0x00000000d5d80000)
  to   space 1024K, 0% used [0x00000000d5b80000,0x00000000d5b80000,0x00000000d5c80000)
 ParOldGen       total 732160K, used 731889K [0x0000000080000000, 0x00000000acb00000, 0x00000000d5580000)
  object space 732160K, 99% used [0x0000000080000000,0x00000000acabc790,0x00000000acb00000)
 Metaspace       used 70565K, committed 72192K, reserved 1114112K
  class space    used 7616K, committed 8320K, reserved 1048576K
}
Event: 106.735 GC heap after
{Heap after GC invocations=1070 (full 3):
 PSYoungGen      total 7168K, used 357K [0x00000000d5580000, 0x00000000d5d80000, 0x0000000100000000)
  eden space 6144K, 0% used [0x00000000d5580000,0x00000000d5580000,0x00000000d5b80000)
  from space 1024K, 34% used [0x00000000d5b80000,0x00000000d5bd9758,0x00000000d5c80000)
  to   space 512K, 0% used [0x00000000d5d00000,0x00000000d5d00000,0x00000000d5d80000)
 ParOldGen       total 732160K, used 732159K [0x0000000080000000, 0x00000000acb00000, 0x00000000d5580000)
  object space 732160K, 99% used [0x0000000080000000,0x00000000acafff18,0x00000000acb00000)
 Metaspace       used 70565K, committed 72192K, reserved 1114112K
  class space    used 7616K, committed 8320K, reserved 1048576K
}
Event: 106.744 GC heap before
{Heap before GC invocations=1071 (full 3):
 PSYoungGen      total 7168K, used 6501K [0x00000000d5580000, 0x00000000d5d80000, 0x0000000100000000)
  eden space 6144K, 100% used [0x00000000d5580000,0x00000000d5b80000,0x00000000d5b80000)
  from space 1024K, 34% used [0x00000000d5b80000,0x00000000d5bd9758,0x00000000d5c80000)
  to   space 512K, 0% used [0x00000000d5d00000,0x00000000d5d00000,0x00000000d5d80000)
 ParOldGen       total 732160K, used 732159K [0x0000000080000000, 0x00000000acb00000, 0x00000000d5580000)
  object space 732160K, 99% used [0x0000000080000000,0x00000000acafff18,0x00000000acb00000)
 Metaspace       used 70565K, committed 72192K, reserved 1114112K
  class space    used 7616K, committed 8320K, reserved 1048576K
}
Event: 106.746 GC heap after
{Heap after GC invocations=1071 (full 3):
 PSYoungGen      total 6656K, used 328K [0x00000000d5580000, 0x00000000d5d80000, 0x0000000100000000)
  eden space 6144K, 0% used [0x00000000d5580000,0x00000000d5580000,0x00000000d5b80000)
  from space 512K, 64% used [0x00000000d5d00000,0x00000000d5d52388,0x00000000d5d80000)
  to   space 512K, 0% used [0x00000000d5c80000,0x00000000d5c80000,0x00000000d5d00000)
 ParOldGen       total 732672K, used 732368K [0x0000000080000000, 0x00000000acb80000, 0x00000000d5580000)
  object space 732672K, 99% used [0x0000000080000000,0x00000000acb34108,0x00000000acb80000)
 Metaspace       used 70565K, committed 72192K, reserved 1114112K
  class space    used 7616K, committed 8320K, reserved 1048576K
}
Event: 106.768 GC heap before
{Heap before GC invocations=1072 (full 3):
 PSYoungGen      total 6656K, used 6472K [0x00000000d5580000, 0x00000000d5d80000, 0x0000000100000000)
  eden space 6144K, 100% used [0x00000000d5580000,0x00000000d5b80000,0x00000000d5b80000)
  from space 512K, 64% used [0x00000000d5d00000,0x00000000d5d52388,0x00000000d5d80000)
  to   space 512K, 0% used [0x00000000d5c80000,0x00000000d5c80000,0x00000000d5d00000)
 ParOldGen       total 732672K, used 732368K [0x0000000080000000, 0x00000000acb80000, 0x00000000d5580000)
  object space 732672K, 99% used [0x0000000080000000,0x00000000acb34108,0x00000000acb80000)
 Metaspace       used 70570K, committed 72192K, reserved 1114112K
  class space    used 7616K, committed 8320K, reserved 1048576K
}
Event: 106.770 GC heap after
{Heap after GC invocations=1072 (full 3):
 PSYoungGen      total 6656K, used 491K [0x00000000d5580000, 0x00000000d5d80000, 0x0000000100000000)
  eden space 6144K, 0% used [0x00000000d5580000,0x00000000d5580000,0x00000000d5b80000)
  from space 512K, 95% used [0x00000000d5c80000,0x00000000d5cfac48,0x00000000d5d00000)
  to   space 512K, 0% used [0x00000000d5d00000,0x00000000d5d00000,0x00000000d5d80000)
 ParOldGen       total 732672K, used 732562K [0x0000000080000000, 0x00000000acb80000, 0x00000000d5580000)
  object space 732672K, 99% used [0x0000000080000000,0x00000000acb64bb8,0x00000000acb80000)
 Metaspace       used 70570K, committed 72192K, reserved 1114112K
  class space    used 7616K, committed 8320K, reserved 1048576K
}
Event: 106.790 GC heap before
{Heap before GC invocations=1073 (full 3):
 PSYoungGen      total 6656K, used 6635K [0x00000000d5580000, 0x00000000d5d80000, 0x0000000100000000)
  eden space 6144K, 100% used [0x00000000d5580000,0x00000000d5b80000,0x00000000d5b80000)
  from space 512K, 95% used [0x00000000d5c80000,0x00000000d5cfac48,0x00000000d5d00000)
  to   space 512K, 0% used [0x00000000d5d00000,0x00000000d5d00000,0x00000000d5d80000)
 ParOldGen       total 732672K, used 732562K [0x0000000080000000, 0x00000000acb80000, 0x00000000d5580000)
  object space 732672K, 99% used [0x0000000080000000,0x00000000acb64bb8,0x00000000acb80000)
 Metaspace       used 70578K, committed 72192K, reserved 1114112K
  class space    used 7616K, committed 8320K, reserved 1048576K
}
Event: 106.792 GC heap after
{Heap after GC invocations=1073 (full 3):
 PSYoungGen      total 6656K, used 420K [0x00000000d5580000, 0x00000000d5d80000, 0x0000000100000000)
  eden space 6144K, 0% used [0x00000000d5580000,0x00000000d5580000,0x00000000d5b80000)
  from space 512K, 82% used [0x00000000d5d00000,0x00000000d5d693c8,0x00000000d5d80000)
  to   space 1024K, 0% used [0x00000000d5b80000,0x00000000d5b80000,0x00000000d5c80000)
 ParOldGen       total 733184K, used 732946K [0x0000000080000000, 0x00000000acc00000, 0x00000000d5580000)
  object space 733184K, 99% used [0x0000000080000000,0x00000000acbc4be8,0x00000000acc00000)
 Metaspace       used 70578K, committed 72192K, reserved 1114112K
  class space    used 7616K, committed 8320K, reserved 1048576K
}
Event: 106.812 GC heap before
{Heap before GC invocations=1074 (full 3):
 PSYoungGen      total 6656K, used 6547K [0x00000000d5580000, 0x00000000d5d80000, 0x0000000100000000)
  eden space 6144K, 99% used [0x00000000d5580000,0x00000000d5b7b848,0x00000000d5b80000)
  from space 512K, 82% used [0x00000000d5d00000,0x00000000d5d693c8,0x00000000d5d80000)
  to   space 1024K, 0% used [0x00000000d5b80000,0x00000000d5b80000,0x00000000d5c80000)
 ParOldGen       total 733184K, used 732946K [0x0000000080000000, 0x00000000acc00000, 0x00000000d5580000)
  object space 733184K, 99% used [0x0000000080000000,0x00000000acbc4be8,0x00000000acc00000)
 Metaspace       used 70583K, committed 72192K, reserved 1114112K
  class space    used 7616K, committed 8320K, reserved 1048576K
}
Event: 106.815 GC heap after
{Heap after GC invocations=1074 (full 3):
 PSYoungGen      total 7168K, used 448K [0x00000000d5580000, 0x00000000d5d80000, 0x0000000100000000)
  eden space 6144K, 0% used [0x00000000d5580000,0x00000000d5580000,0x00000000d5b80000)
  from space 1024K, 43% used [0x00000000d5b80000,0x00000000d5bf0230,0x00000000d5c80000)
  to   space 512K, 0% used [0x00000000d5d00000,0x00000000d5d00000,0x00000000d5d80000)
 ParOldGen       total 734720K, used 734046K [0x0000000080000000, 0x00000000acd80000, 0x00000000d5580000)
  object space 734720K, 99% used [0x0000000080000000,0x00000000accd79a0,0x00000000acd80000)
 Metaspace       used 70583K, committed 72192K, reserved 1114112K
  class space    used 7616K, committed 8320K, reserved 1048576K
}
Event: 106.824 GC heap before
{Heap before GC invocations=1075 (full 3):
 PSYoungGen      total 7168K, used 6592K [0x00000000d5580000, 0x00000000d5d80000, 0x0000000100000000)
  eden space 6144K, 100% used [0x00000000d5580000,0x00000000d5b80000,0x00000000d5b80000)
  from space 1024K, 43% used [0x00000000d5b80000,0x00000000d5bf0230,0x00000000d5c80000)
  to   space 512K, 0% used [0x00000000d5d00000,0x00000000d5d00000,0x00000000d5d80000)
 ParOldGen       total 734720K, used 734046K [0x0000000080000000, 0x00000000acd80000, 0x00000000d5580000)
  object space 734720K, 99% used [0x0000000080000000,0x00000000accd79a0,0x00000000acd80000)
 Metaspace       used 70583K, committed 72192K, reserved 1114112K
  class space    used 7616K, committed 8320K, reserved 1048576K
}
Event: 106.826 GC heap after
{Heap after GC invocations=1075 (full 3):
 PSYoungGen      total 6656K, used 354K [0x00000000d5580000, 0x00000000d5d80000, 0x0000000100000000)
  eden space 6144K, 0% used [0x00000000d5580000,0x00000000d5580000,0x00000000d5b80000)
  from space 512K, 69% used [0x00000000d5d00000,0x00000000d5d58b30,0x00000000d5d80000)
  to   space 512K, 0% used [0x00000000d5c80000,0x00000000d5c80000,0x00000000d5d00000)
 ParOldGen       total 734720K, used 734359K [0x0000000080000000, 0x00000000acd80000, 0x00000000d5580000)
  object space 734720K, 99% used [0x0000000080000000,0x00000000acd25df0,0x00000000acd80000)
 Metaspace       used 70583K, committed 72192K, reserved 1114112K
  class space    used 7616K, committed 8320K, reserved 1048576K
}
Event: 106.837 GC heap before
{Heap before GC invocations=1076 (full 3):
 PSYoungGen      total 6656K, used 6498K [0x00000000d5580000, 0x00000000d5d80000, 0x0000000100000000)
  eden space 6144K, 100% used [0x00000000d5580000,0x00000000d5b80000,0x00000000d5b80000)
  from space 512K, 69% used [0x00000000d5d00000,0x00000000d5d58b30,0x00000000d5d80000)
  to   space 512K, 0% used [0x00000000d5c80000,0x00000000d5c80000,0x00000000d5d00000)
 ParOldGen       total 734720K, used 734359K [0x0000000080000000, 0x00000000acd80000, 0x00000000d5580000)
  object space 734720K, 99% used [0x0000000080000000,0x00000000acd25df0,0x00000000acd80000)
 Metaspace       used 70583K, committed 72192K, reserved 1114112K
  class space    used 7616K, committed 8320K, reserved 1048576K
}
Event: 106.838 GC heap after
{Heap after GC invocations=1076 (full 3):
 PSYoungGen      total 6656K, used 487K [0x00000000d5580000, 0x00000000d5d80000, 0x0000000100000000)
  eden space 6144K, 0% used [0x00000000d5580000,0x00000000d5580000,0x00000000d5b80000)
  from space 512K, 95% used [0x00000000d5c80000,0x00000000d5cf9fb0,0x00000000d5d00000)
  to   space 512K, 0% used [0x00000000d5d00000,0x00000000d5d00000,0x00000000d5d80000)
 ParOldGen       total 734720K, used 734641K [0x0000000080000000, 0x00000000acd80000, 0x00000000d5580000)
  object space 734720K, 99% used [0x0000000080000000,0x00000000acd6c4b8,0x00000000acd80000)
 Metaspace       used 70583K, committed 72192K, reserved 1114112K
  class space    used 7616K, committed 8320K, reserved 1048576K
}
Event: 106.879 GC heap before
{Heap before GC invocations=1077 (full 3):
 PSYoungGen      total 6656K, used 6631K [0x00000000d5580000, 0x00000000d5d80000, 0x0000000100000000)
  eden space 6144K, 100% used [0x00000000d5580000,0x00000000d5b80000,0x00000000d5b80000)
  from space 512K, 95% used [0x00000000d5c80000,0x00000000d5cf9fb0,0x00000000d5d00000)
  to   space 512K, 0% used [0x00000000d5d00000,0x00000000d5d00000,0x00000000d5d80000)
 ParOldGen       total 734720K, used 734641K [0x0000000080000000, 0x00000000acd80000, 0x00000000d5580000)
  object space 734720K, 99% used [0x0000000080000000,0x00000000acd6c4b8,0x00000000acd80000)
 Metaspace       used 70683K, committed 72320K, reserved 1114112K
  class space    used 7633K, committed 8320K, reserved 1048576K
}
Event: 106.882 GC heap after
{Heap after GC invocations=1077 (full 3):
 PSYoungGen      total 6144K, used 512K [0x00000000d5580000, 0x00000000d5f80000, 0x0000000100000000)
  eden space 5632K, 0% used [0x00000000d5580000,0x00000000d5580000,0x00000000d5b00000)
  from space 512K, 100% used [0x00000000d5d00000,0x00000000d5d80000,0x00000000d5d80000)
  to   space 2048K, 0% used [0x00000000d5b00000,0x00000000d5b00000,0x00000000d5d00000)
 ParOldGen       total 735744K, used 735596K [0x0000000080000000, 0x00000000ace80000, 0x00000000d5580000)
  object space 735744K, 99% used [0x0000000080000000,0x00000000ace5b1d8,0x00000000ace80000)
 Metaspace       used 70683K, committed 72320K, reserved 1114112K
  class space    used 7633K, committed 8320K, reserved 1048576K
}
Event: 106.987 GC heap before
{Heap before GC invocations=1078 (full 3):
 PSYoungGen      total 6144K, used 6144K [0x00000000d5580000, 0x00000000d5f80000, 0x0000000100000000)
  eden space 5632K, 100% used [0x00000000d5580000,0x00000000d5b00000,0x00000000d5b00000)
  from space 512K, 100% used [0x00000000d5d00000,0x00000000d5d80000,0x00000000d5d80000)
  to   space 2048K, 0% used [0x00000000d5b00000,0x00000000d5b00000,0x00000000d5d00000)
 ParOldGen       total 735744K, used 735596K [0x0000000080000000, 0x00000000ace80000, 0x00000000d5580000)
  object space 735744K, 99% used [0x0000000080000000,0x00000000ace5b1d8,0x00000000ace80000)
 Metaspace       used 71056K, committed 72704K, reserved 1114112K
  class space    used 7694K, committed 8384K, reserved 1048576K
}
Event: 106.991 GC heap after
{Heap after GC invocations=1078 (full 3):
 PSYoungGen      total 6656K, used 864K [0x00000000d5580000, 0x00000000d5e00000, 0x0000000100000000)
  eden space 5632K, 0% used [0x00000000d5580000,0x00000000d5580000,0x00000000d5b00000)
  from space 1024K, 84% used [0x00000000d5b00000,0x00000000d5bd8000,0x00000000d5c00000)
  to   space 1536K, 0% used [0x00000000d5c80000,0x00000000d5c80000,0x00000000d5e00000)
 ParOldGen       total 736256K, used 736059K [0x0000000080000000, 0x00000000acf00000, 0x00000000d5580000)
  object space 736256K, 99% used [0x0000000080000000,0x00000000acecee98,0x00000000acf00000)
 Metaspace       used 71056K, committed 72704K, reserved 1114112K
  class space    used 7694K, committed 8384K, reserved 1048576K
}

