# JRE version: OpenJDK Runtime Environment Temurin-21.0.8+9 (21.0.8+9) (build 21.0.8+9-LTS)
# Java VM: OpenJDK 64-Bit Server VM Temurin-21.0.8+9 (21.0.8+9-LTS, mixed mode, sharing, tiered, compressed oops, compressed class ptrs, parallel gc, windows-amd64)
GC Precious Log:
 CardTable entry size: 512
 CPUs: 8 total, 8 available
 Memory: 8028M
 Large Page Support: Disabled
 NUMA Support: Disabled
 Compressed Oops: Enabled (32-bit)
 Alignments: Space 512K, Generation 512K, Heap 2M
 Heap Min Capacity: 100M
 Heap Initial Capacity: 100M
 Heap Max Capacity: 2G
 Pre-touch: Disabled
 Parallel Workers: 8
Heap:
 PSYoungGen      total 4608K, used 476K [0x00000000d5580000, 0x00000000d5a80000, 0x0000000100000000)
  eden space 4096K, 6% used [0x00000000d5580000,0x00000000d55c7120,0x00000000d5980000)
  from space 512K, 37% used [0x00000000d5a00000,0x00000000d5a30000,0x00000000d5a80000)
  to   space 512K, 0% used [0x00000000d5980000,0x00000000d5980000,0x00000000d5a00000)
 ParOldGen       total 710144K, used 709679K [0x0000000080000000, 0x00000000ab580000, 0x00000000d5580000)
  object space 710144K, 99% used [0x0000000080000000,0x00000000ab50bd50,0x00000000ab580000)
 Metaspace       used 94610K, committed 96448K, reserved 1179648K
  class space    used 9495K, committed 10304K, reserved 1048576K
GC Heap History (20 events):
Event: 15467.933 GC heap before
{Heap before GC invocations=4104 (full 7):
 PSYoungGen      total 2560K, used 2400K [0x00000000d5580000, 0x00000000d5b00000, 0x0000000100000000)
  eden space 2048K, 100% used [0x00000000d5580000,0x00000000d5780000,0x00000000d5780000)
  from space 512K, 68% used [0x00000000d5a80000,0x00000000d5ad8000,0x00000000d5b00000)
  to   space 1536K, 0% used [0x00000000d5800000,0x00000000d5800000,0x00000000d5980000)
 ParOldGen       total 703488K, used 703268K [0x0000000080000000, 0x00000000aaf00000, 0x00000000d5580000)
  object space 703488K, 99% used [0x0000000080000000,0x00000000aaec90c0,0x00000000aaf00000)
 Metaspace       used 94607K, committed 96448K, reserved 1179648K
  class space    used 9495K, committed 10304K, reserved 1048576K
}
Event: 15467.936 GC heap after
{Heap after GC invocations=4104 (full 7):
 PSYoungGen      total 3584K, used 308K [0x00000000d5580000, 0x00000000d5b00000, 0x0000000100000000)
  eden space 2048K, 0% used [0x00000000d5580000,0x00000000d5580000,0x00000000d5780000)
  from space 1536K, 20% used [0x00000000d5800000,0x00000000d584d200,0x00000000d5980000)
  to   space 512K, 0% used [0x00000000d5a80000,0x00000000d5a80000,0x00000000d5b00000)
 ParOldGen       total 703488K, used 703417K [0x0000000080000000, 0x00000000aaf00000, 0x00000000d5580000)
  object space 703488K, 99% used [0x0000000080000000,0x00000000aaeee640,0x00000000aaf00000)
 Metaspace       used 94607K, committed 96448K, reserved 1179648K
  class space    used 9495K, committed 10304K, reserved 1048576K
}
Event: 15468.030 GC heap before
{Heap before GC invocations=4105 (full 7):
 PSYoungGen      total 3584K, used 2356K [0x00000000d5580000, 0x00000000d5b00000, 0x0000000100000000)
  eden space 2048K, 100% used [0x00000000d5580000,0x00000000d5780000,0x00000000d5780000)
  from space 1536K, 20% used [0x00000000d5800000,0x00000000d584d200,0x00000000d5980000)
  to   space 512K, 0% used [0x00000000d5a80000,0x00000000d5a80000,0x00000000d5b00000)
 ParOldGen       total 703488K, used 703417K [0x0000000080000000, 0x00000000aaf00000, 0x00000000d5580000)
  object space 703488K, 99% used [0x0000000080000000,0x00000000aaeee640,0x00000000aaf00000)
 Metaspace       used 94607K, committed 96448K, reserved 1179648K
  class space    used 9495K, committed 10304K, reserved 1048576K
}
Event: 15468.033 GC heap after
{Heap after GC invocations=4105 (full 7):
 PSYoungGen      total 2560K, used 512K [0x00000000d5580000, 0x00000000d5b00000, 0x0000000100000000)
  eden space 2048K, 0% used [0x00000000d5580000,0x00000000d5580000,0x00000000d5780000)
  from space 512K, 100% used [0x00000000d5a80000,0x00000000d5b00000,0x00000000d5b00000)
  to   space 1024K, 0% used [0x00000000d5900000,0x00000000d5900000,0x00000000d5a00000)
 ParOldGen       total 704000K, used 703686K [0x0000000080000000, 0x00000000aaf80000, 0x00000000d5580000)
  object space 704000K, 99% used [0x0000000080000000,0x00000000aaf31850,0x00000000aaf80000)
 Metaspace       used 94607K, committed 96448K, reserved 1179648K
  class space    used 9495K, committed 10304K, reserved 1048576K
}
Event: 15469.360 GC heap before
{Heap before GC invocations=4106 (full 7):
 PSYoungGen      total 2560K, used 2560K [0x00000000d5580000, 0x00000000d5b00000, 0x0000000100000000)
  eden space 2048K, 100% used [0x00000000d5580000,0x00000000d5780000,0x00000000d5780000)
  from space 512K, 100% used [0x00000000d5a80000,0x00000000d5b00000,0x00000000d5b00000)
  to   space 1024K, 0% used [0x00000000d5900000,0x00000000d5900000,0x00000000d5a00000)
 ParOldGen       total 704000K, used 703686K [0x0000000080000000, 0x00000000aaf80000, 0x00000000d5580000)
  object space 704000K, 99% used [0x0000000080000000,0x00000000aaf31850,0x00000000aaf80000)
 Metaspace       used 94607K, committed 96448K, reserved 1179648K
  class space    used 9495K, committed 10304K, reserved 1048576K
}
Event: 15469.364 GC heap after
{Heap after GC invocations=4106 (full 7):
 PSYoungGen      total 3072K, used 314K [0x00000000d5580000, 0x00000000d5b00000, 0x0000000100000000)
  eden space 2048K, 0% used [0x00000000d5580000,0x00000000d5580000,0x00000000d5780000)
  from space 1024K, 30% used [0x00000000d5900000,0x00000000d594e900,0x00000000d5a00000)
  to   space 512K, 0% used [0x00000000d5a80000,0x00000000d5a80000,0x00000000d5b00000)
 ParOldGen       total 704512K, used 704166K [0x0000000080000000, 0x00000000ab000000, 0x00000000d5580000)
  object space 704512K, 99% used [0x0000000080000000,0x00000000aafa9850,0x00000000ab000000)
 Metaspace       used 94607K, committed 96448K, reserved 1179648K
  class space    used 9495K, committed 10304K, reserved 1048576K
}
Event: 15469.368 GC heap before
{Heap before GC invocations=4107 (full 7):
 PSYoungGen      total 3072K, used 2362K [0x00000000d5580000, 0x00000000d5b00000, 0x0000000100000000)
  eden space 2048K, 100% used [0x00000000d5580000,0x00000000d5780000,0x00000000d5780000)
  from space 1024K, 30% used [0x00000000d5900000,0x00000000d594e900,0x00000000d5a00000)
  to   space 512K, 0% used [0x00000000d5a80000,0x00000000d5a80000,0x00000000d5b00000)
 ParOldGen       total 704512K, used 704166K [0x0000000080000000, 0x00000000ab000000, 0x00000000d5580000)
  object space 704512K, 99% used [0x0000000080000000,0x00000000aafa9850,0x00000000ab000000)
 Metaspace       used 94607K, committed 96448K, reserved 1179648K
  class space    used 9495K, committed 10304K, reserved 1048576K
}
Event: 15469.369 GC heap after
{Heap after GC invocations=4107 (full 7):
 PSYoungGen      total 2560K, used 480K [0x00000000d5580000, 0x00000000d5b00000, 0x0000000100000000)
  eden space 2048K, 0% used [0x00000000d5580000,0x00000000d5580000,0x00000000d5780000)
  from space 512K, 93% used [0x00000000d5a80000,0x00000000d5af8000,0x00000000d5b00000)
  to   space 1024K, 0% used [0x00000000d5900000,0x00000000d5900000,0x00000000d5a00000)
 ParOldGen       total 704512K, used 704322K [0x0000000080000000, 0x00000000ab000000, 0x00000000d5580000)
  object space 704512K, 99% used [0x0000000080000000,0x00000000aafd0a50,0x00000000ab000000)
 Metaspace       used 94607K, committed 96448K, reserved 1179648K
  class space    used 9495K, committed 10304K, reserved 1048576K
}
Event: 15469.372 GC heap before
{Heap before GC invocations=4108 (full 7):
 PSYoungGen      total 2560K, used 2527K [0x00000000d5580000, 0x00000000d5b00000, 0x0000000100000000)
  eden space 2048K, 99% used [0x00000000d5580000,0x00000000d577fff8,0x00000000d5780000)
  from space 512K, 93% used [0x00000000d5a80000,0x00000000d5af8000,0x00000000d5b00000)
  to   space 1024K, 0% used [0x00000000d5900000,0x00000000d5900000,0x00000000d5a00000)
 ParOldGen       total 704512K, used 704322K [0x0000000080000000, 0x00000000ab000000, 0x00000000d5580000)
  object space 704512K, 99% used [0x0000000080000000,0x00000000aafd0a50,0x00000000ab000000)
 Metaspace       used 94607K, committed 96448K, reserved 1179648K
  class space    used 9495K, committed 10304K, reserved 1048576K
}
Event: 15469.375 GC heap after
{Heap after GC invocations=4108 (full 7):
 PSYoungGen      total 3584K, used 512K [0x00000000d5580000, 0x00000000d5b00000, 0x0000000100000000)
  eden space 2560K, 0% used [0x00000000d5580000,0x00000000d5580000,0x00000000d5800000)
  from space 1024K, 50% used [0x00000000d5900000,0x00000000d5980000,0x00000000d5a00000)
  to   space 1024K, 0% used [0x00000000d5a00000,0x00000000d5a00000,0x00000000d5b00000)
 ParOldGen       total 705024K, used 704730K [0x0000000080000000, 0x00000000ab080000, 0x00000000d5580000)
  object space 705024K, 99% used [0x0000000080000000,0x00000000ab036a50,0x00000000ab080000)
 Metaspace       used 94607K, committed 96448K, reserved 1179648K
  class space    used 9495K, committed 10304K, reserved 1048576K
}
Event: 15469.378 GC heap before
{Heap before GC invocations=4109 (full 7):
 PSYoungGen      total 3584K, used 3072K [0x00000000d5580000, 0x00000000d5b00000, 0x0000000100000000)
  eden space 2560K, 100% used [0x00000000d5580000,0x00000000d5800000,0x00000000d5800000)
  from space 1024K, 50% used [0x00000000d5900000,0x00000000d5980000,0x00000000d5a00000)
  to   space 1024K, 0% used [0x00000000d5a00000,0x00000000d5a00000,0x00000000d5b00000)
 ParOldGen       total 705024K, used 704730K [0x0000000080000000, 0x00000000ab080000, 0x00000000d5580000)
  object space 705024K, 99% used [0x0000000080000000,0x00000000ab036a50,0x00000000ab080000)
 Metaspace       used 94607K, committed 96448K, reserved 1179648K
  class space    used 9495K, committed 10304K, reserved 1048576K
}
Event: 15469.380 GC heap after
{Heap after GC invocations=4109 (full 7):
 PSYoungGen      total 3072K, used 1008K [0x00000000d5580000, 0x00000000d5d80000, 0x0000000100000000)
  eden space 2048K, 0% used [0x00000000d5580000,0x00000000d5580000,0x00000000d5780000)
  from space 1024K, 98% used [0x00000000d5a00000,0x00000000d5afc2f0,0x00000000d5b00000)
  to   space 2560K, 0% used [0x00000000d5780000,0x00000000d5780000,0x00000000d5a00000)
 ParOldGen       total 706048K, used 705922K [0x0000000080000000, 0x00000000ab180000, 0x00000000d5580000)
  object space 706048K, 99% used [0x0000000080000000,0x00000000ab160a50,0x00000000ab180000)
 Metaspace       used 94607K, committed 96448K, reserved 1179648K
  class space    used 9495K, committed 10304K, reserved 1048576K
}
Event: 15469.384 GC heap before
{Heap before GC invocations=4110 (full 7):
 PSYoungGen      total 3072K, used 3056K [0x00000000d5580000, 0x00000000d5d80000, 0x0000000100000000)
  eden space 2048K, 100% used [0x00000000d5580000,0x00000000d5780000,0x00000000d5780000)
  from space 1024K, 98% used [0x00000000d5a00000,0x00000000d5afc2f0,0x00000000d5b00000)
  to   space 2560K, 0% used [0x00000000d5780000,0x00000000d5780000,0x00000000d5a00000)
 ParOldGen       total 706048K, used 705922K [0x0000000080000000, 0x00000000ab180000, 0x00000000d5580000)
  object space 706048K, 99% used [0x0000000080000000,0x00000000ab160a50,0x00000000ab180000)
 Metaspace       used 94607K, committed 96448K, reserved 1179648K
  class space    used 9495K, committed 10304K, reserved 1048576K
}
Event: 15469.387 GC heap after
{Heap after GC invocations=4110 (full 7):
 PSYoungGen      total 4608K, used 2112K [0x00000000d5580000, 0x00000000d5d00000, 0x0000000100000000)
  eden space 2048K, 0% used [0x00000000d5580000,0x00000000d5580000,0x00000000d5780000)
  from space 2560K, 82% used [0x00000000d5780000,0x00000000d5990000,0x00000000d5a00000)
  to   space 2560K, 0% used [0x00000000d5a80000,0x00000000d5a80000,0x00000000d5d00000)
 ParOldGen       total 707072K, used 706971K [0x0000000080000000, 0x00000000ab280000, 0x00000000d5580000)
  object space 707072K, 99% used [0x0000000080000000,0x00000000ab266d40,0x00000000ab280000)
 Metaspace       used 94607K, committed 96448K, reserved 1179648K
  class space    used 9495K, committed 10304K, reserved 1048576K
}
Event: 15469.390 GC heap before
{Heap before GC invocations=4111 (full 7):
 PSYoungGen      total 4608K, used 4160K [0x00000000d5580000, 0x00000000d5d00000, 0x0000000100000000)
  eden space 2048K, 100% used [0x00000000d5580000,0x00000000d5780000,0x00000000d5780000)
  from space 2560K, 82% used [0x00000000d5780000,0x00000000d5990000,0x00000000d5a00000)
  to   space 2560K, 0% used [0x00000000d5a80000,0x00000000d5a80000,0x00000000d5d00000)
 ParOldGen       total 707072K, used 706971K [0x0000000080000000, 0x00000000ab280000, 0x00000000d5580000)
  object space 707072K, 99% used [0x0000000080000000,0x00000000ab266d40,0x00000000ab280000)
 Metaspace       used 94607K, committed 96448K, reserved 1179648K
  class space    used 9495K, committed 10304K, reserved 1048576K
}
Event: 15469.392 GC heap after
{Heap after GC invocations=4111 (full 7):
 PSYoungGen      total 3584K, used 640K [0x00000000d5580000, 0x00000000d5b80000, 0x0000000100000000)
  eden space 2560K, 0% used [0x00000000d5580000,0x00000000d5580000,0x00000000d5800000)
  from space 1024K, 62% used [0x00000000d5a80000,0x00000000d5b20000,0x00000000d5b80000)
  to   space 1536K, 0% used [0x00000000d5880000,0x00000000d5880000,0x00000000d5a00000)
 ParOldGen       total 709120K, used 708995K [0x0000000080000000, 0x00000000ab480000, 0x00000000d5580000)
  object space 709120K, 99% used [0x0000000080000000,0x00000000ab460d40,0x00000000ab480000)
 Metaspace       used 94607K, committed 96448K, reserved 1179648K
  class space    used 9495K, committed 10304K, reserved 1048576K
}
Event: 15469.404 GC heap before
{Heap before GC invocations=4112 (full 7):
 PSYoungGen      total 3584K, used 3200K [0x00000000d5580000, 0x00000000d5b80000, 0x0000000100000000)
  eden space 2560K, 100% used [0x00000000d5580000,0x00000000d5800000,0x00000000d5800000)
  from space 1024K, 62% used [0x00000000d5a80000,0x00000000d5b20000,0x00000000d5b80000)
  to   space 1536K, 0% used [0x00000000d5880000,0x00000000d5880000,0x00000000d5a00000)
 ParOldGen       total 709120K, used 708995K [0x0000000080000000, 0x00000000ab480000, 0x00000000d5580000)
  object space 709120K, 99% used [0x0000000080000000,0x00000000ab460d40,0x00000000ab480000)
 Metaspace       used 94610K, committed 96448K, reserved 1179648K
  class space    used 9495K, committed 10304K, reserved 1048576K
}
Event: 15469.407 GC heap after
{Heap after GC invocations=4112 (full 7):
 PSYoungGen      total 4608K, used 288K [0x00000000d5580000, 0x00000000d5b00000, 0x0000000100000000)
  eden space 3072K, 0% used [0x00000000d5580000,0x00000000d5580000,0x00000000d5880000)
  from space 1536K, 18% used [0x00000000d5880000,0x00000000d58c8000,0x00000000d5a00000)
  to   space 1024K, 0% used [0x00000000d5a00000,0x00000000d5a00000,0x00000000d5b00000)
 ParOldGen       total 709632K, used 709445K [0x0000000080000000, 0x00000000ab500000, 0x00000000d5580000)
  object space 709632K, 99% used [0x0000000080000000,0x00000000ab4d1550,0x00000000ab500000)
 Metaspace       used 94610K, committed 96448K, reserved 1179648K
  class space    used 9495K, committed 10304K, reserved 1048576K
}
Event: 15664.027 GC heap before
{Heap before GC invocations=4113 (full 7):
 PSYoungGen      total 4608K, used 3360K [0x00000000d5580000, 0x00000000d5b00000, 0x0000000100000000)
  eden space 3072K, 100% used [0x00000000d5580000,0x00000000d5880000,0x00000000d5880000)
  from space 1536K, 18% used [0x00000000d5880000,0x00000000d58c8000,0x00000000d5a00000)
  to   space 1024K, 0% used [0x00000000d5a00000,0x00000000d5a00000,0x00000000d5b00000)
 ParOldGen       total 709632K, used 709445K [0x0000000080000000, 0x00000000ab500000, 0x00000000d5580000)
  object space 709632K, 99% used [0x0000000080000000,0x00000000ab4d1550,0x00000000ab500000)
 Metaspace       used 94610K, committed 96448K, reserved 1179648K
  class space    used 9495K, committed 10304K, reserved 1048576K
}
Event: 15664.252 GC heap after
{Heap after GC invocations=4113 (full 7):
 PSYoungGen      total 4608K, used 192K [0x00000000d5580000, 0x00000000d5a80000, 0x0000000100000000)
  eden space 4096K, 0% used [0x00000000d5580000,0x00000000d5580000,0x00000000d5980000)
  from space 512K, 37% used [0x00000000d5a00000,0x00000000d5a30000,0x00000000d5a80000)
  to   space 512K, 0% used [0x00000000d5980000,0x00000000d5980000,0x00000000d5a00000)
 ParOldGen       total 710144K, used 709679K [0x0000000080000000, 0x00000000ab580000, 0x00000000d5580000)
  object space 710144K, 99% used [0x0000000080000000,0x00000000ab50bd50,0x00000000ab580000)
 Metaspace       used 94610K, committed 96448K, reserved 1179648K
  class space    used 9495K, committed 10304K, reserved 1048576K
}

